mktextfm Monaco
mktextfm Monaco
mktextfm Monaco
mktextfm Monaco/BI
mktextfm Monaco
mktextfm Monaco/B
mktextfm Monaco
mktextfm Monaco/I
mktextfm Monaco
mktextfm Monaco
mktextfm Monaco
mktextfm Monaco
mktextfm Monaco
mktextfm Monaco/BI
mktextfm Monaco
mktextfm Monaco/B
mktextfm Monaco
mktextfm Monaco/I
mktextfm Monaco
mktextfm Monaco
mktextfm Monaco
mktextfm Monaco
mktextfm Monaco
mktextfm Monaco
mktextfm Monaco/BI
mktextfm Monaco
mktextfm Monaco/B
mktextfm Monaco
mktextfm Monaco/I
mktextfm Monaco
mktextfm Monaco
mktextfm Monaco
mktextfm Monaco
mktextfm Monaco
mktextfm Monaco/BI
mktextfm Monaco
mktextfm Monaco/B
mktextfm Monaco
mktextfm Monaco/I
mktextfm Monaco
mktextfm Monaco
mktextfm Monaco
mktextfm Monaco
mktextfm Monaco
mktextfm Monaco
mktextfm Monaco/BI
mktextfm Monaco
mktextfm Monaco/B
mktextfm Monaco
mktextfm Monaco/I
mktextfm Monaco
mktextfm Monaco
mktextfm Monaco
mktextfm Monaco
mktextfm Monaco
mktextfm Monaco/BI
mktextfm Monaco
mktextfm Monaco/B
mktextfm Monaco
mktextfm Monaco/I
mktextfm Monaco
mktextfm Monaco
mktextfm Monaco
mktextfm SourceCodePro
mktextfm SourceCodePro
mktextfm SourceCodePro
mktextfm SourceCodePro/BI
mktextfm SourceCodePro
mktextfm SourceCodePro/B
mktextfm SourceCodePro
mktextfm SourceCodePro/I
mktextfm SourceCodePro
mktextfm SourceCodePro
mktextfm SourceCodePro
mktextfm SourceCodePro
mktextfm SourceCodePro
mktextfm SourceCodePro/BI
mktextfm SourceCodePro
mktextfm SourceCodePro/B
mktextfm SourceCodePro
mktextfm SourceCodePro/I
mktextfm SourceCodePro
mktextfm SourceCodePro
mktextfm SourceCodePro
